FunEClone_Android/app/build/intermediates/manifest_merge_blame_file/debug/manifest-merger-blame-debug-report.txt
1<?xml version="1.0" encoding="utf-8"?>
2<manifest xmlns:android="http://schemas.android.com/apk/res/android"
3    package="com.example.funeclone_nhom8"
4    android:versionCode="1"
5    android:versionName="1.0" >
6
7    <uses-sdk
8        android:minSdkVersion="24"
8-->src\main\AndroidManifest.xml
9        android:targetSdkVersion="33" />
9-->src\main\AndroidManifest.xml
10
11    <uses-feature android:name="android.hardware.camera" />
11-->src\main\AndroidManifest.xml:5:5-60
11-->src\main\AndroidManifest.xml:5:19-57
12    <uses-feature android:name="android.hardware.camera.autofocus" />
12-->src\main\AndroidManifest.xml:6:5-70
12-->src\main\AndroidManifest.xml:6:19-67
13    <uses-feature
13-->src\main\AndroidManifest.xml:7:5-78
14        android:glEsVersion="0x00020000"
14-->src\main\AndroidManifest.xml:7:19-51
15        android:required="true" />
15-->src\main\AndroidManifest.xml:7:52-75
16
17    <uses-permission android:name="android.permission.INTERNET" />
17-->src\main\AndroidManifest.xml:9:5-67
17-->src\main\AndroidManifest.xml:9:22-64
18    <uses-permission android:name="android.permission.READ_EXTERNAL_STORAGE" />
18-->src\main\AndroidManifest.xml:10:5-80
18-->src\main\AndroidManifest.xml:10:22-77
19    <uses-permission android:name="android.permission.WRITE_EXTERNAL_STORAGE" />
19-->src\main\AndroidManifest.xml:11:5-81
19-->src\main\AndroidManifest.xml:11:22-78
20    <uses-permission android:name="android.permission.CAMERA" />
20-->src\main\AndroidManifest.xml:12:5-65
20-->src\main\AndroidManifest.xml:12:22-62
21    <uses-permission android:name="android.permission.RECORD_AUDIO" />
21-->src\main\AndroidManifest.xml:13:5-71
21-->src\main\AndroidManifest.xml:13:22-68
22    <uses-permission android:name="android.permission.ACCESS_NETWORK_STATE" />
22-->src\main\AndroidManifest.xml:14:5-79
22-->src\main\AndroidManifest.xml:14:22-76
23    <uses-permission android:name="android.permission.MODIFY_AUDIO_SETTINGS" />
23-->src\main\AndroidManifest.xml:15:5-80
23-->src\main\AndroidManifest.xml:15:22-77
24
25    <permission
25-->[androidx.core:core:1.9.0] AndroidManifest.xml:22:5-24:47
26        android:name="com.example.funeclone_nhom8.DYNAMIC_RECEIVER_NOT_EXPORTED_PERMISSION"
26-->[androidx.core:core:1.9.0] AndroidManifest.xml:23:9-81
27        android:protectionLevel="signature" />
27-->[androidx.core:core:1.9.0] AndroidManifest.xml:24:9-44
28
29    <uses-permission android:name="com.example.funeclone_nhom8.DYNAMIC_RECEIVER_NOT_EXPORTED_PERMISSION" />
29-->[androidx.core:core:1.9.0] AndroidManifest.xml:26:5-97
29-->[androidx.core:core:1.9.0] AndroidManifest.xml:26:22-94
30
31    <application
31-->src\main\AndroidManifest.xml:17:5-81:19
32        android:name="com.example.funeclone_nhom8.MyApplication"
32-->src\main\AndroidManifest.xml:18:9-38
33        android:allowBackup="true"
33-->src\main\AndroidManifest.xml:19:9-35
34        android:appComponentFactory="androidx.core.app.CoreComponentFactory"
34-->[androidx.core:core:1.9.0] AndroidManifest.xml:28:18-86
35        android:dataExtractionRules="@xml/data_extraction_rules"
35-->src\main\AndroidManifest.xml:20:9-65
36        android:debuggable="true"
37        android:extractNativeLibs="false"
38        android:fullBackupContent="@xml/backup_rules"
38-->src\main\AndroidManifest.xml:21:9-54
39        android:icon="@mipmap/ic_launcher"
39-->src\main\AndroidManifest.xml:22:9-43
40        android:label="@string/app_name"
40-->src\main\AndroidManifest.xml:23:9-41
41        android:supportsRtl="true"
41-->src\main\AndroidManifest.xml:24:9-35
42        android:testOnly="true"
43        android:theme="@style/Theme.FunEClone_Nhom8"
43-->src\main\AndroidManifest.xml:25:9-53
44        android:usesCleartextTraffic="true" >
44-->src\main\AndroidManifest.xml:27:9-44
45        <activity
45-->src\main\AndroidManifest.xml:29:9-31:39
46            android:name="com.example.funeclone_nhom8.Views.Activitys.LiveStreamActivity"
46-->src\main\AndroidManifest.xml:30:13-63
47            android:exported="true" />
47-->src\main\AndroidManifest.xml:31:13-36
48        <activity
48-->src\main\AndroidManifest.xml:32:9-34:40
49            android:name="com.example.funeclone_nhom8.Views.Activitys.OrderSummaryActivity"
49-->src\main\AndroidManifest.xml:33:13-65
50            android:exported="false" />
50-->src\main\AndroidManifest.xml:34:13-37
51        <activity
51-->src\main\AndroidManifest.xml:35:9-37:40
52            android:name="com.example.funeclone_nhom8.Views.Activitys.CheckoutActivity"
52-->src\main\AndroidManifest.xml:36:13-61
53            android:exported="false" />
53-->src\main\AndroidManifest.xml:37:13-37
54        <activity
54-->src\main\AndroidManifest.xml:38:9-40:40
55            android:name="com.example.funeclone_nhom8.Views.Activitys.CartActivity"
55-->src\main\AndroidManifest.xml:39:13-57
56            android:exported="false" />
56-->src\main\AndroidManifest.xml:40:13-37
57        <activity
57-->src\main\AndroidManifest.xml:41:9-43:39
58            android:name="com.example.funeclone_nhom8.Views.Activitys.AddPaymentActivity"
58-->src\main\AndroidManifest.xml:42:13-63
59            android:exported="true" />
59-->src\main\AndroidManifest.xml:43:13-36
60        <activity
60-->src\main\AndroidManifest.xml:44:9-46:40
61            android:name="com.example.funeclone_nhom8.Views.Activitys.PaymentActivity"
61-->src\main\AndroidManifest.xml:45:13-60
62            android:exported="false" />
62-->src\main\AndroidManifest.xml:46:13-37
63        <activity
63-->src\main\AndroidManifest.xml:47:9-49:40
64            android:name="com.example.funeclone_nhom8.Views.Activitys.ProductDetailActivity"
64-->src\main\AndroidManifest.xml:48:13-66
65            android:exported="false" />
65-->src\main\AndroidManifest.xml:49:13-37
66        <activity
66-->src\main\AndroidManifest.xml:50:9-52:40
67            android:name="com.example.funeclone_nhom8.Views.Activitys.SignupSellerActivity"
67-->src\main\AndroidManifest.xml:51:13-65
68            android:exported="false" />
68-->src\main\AndroidManifest.xml:52:13-37
69        <activity
69-->src\main\AndroidManifest.xml:53:9-55:39
70            android:name="com.example.funeclone_nhom8.Views.Activitys.VideoPostActivity"
70-->src\main\AndroidManifest.xml:54:13-62
71            android:exported="true" />
71-->src\main\AndroidManifest.xml:55:13-36
72        <activity
72-->src\main\AndroidManifest.xml:56:9-58:39
73            android:name="com.example.funeclone_nhom8.Views.Activitys.SignupActivity"
73-->src\main\AndroidManifest.xml:57:13-59
74            android:exported="true" />
74-->src\main\AndroidManifest.xml:58:13-36
75        <activity
75-->src\main\AndroidManifest.xml:59:9-61:39
76            android:name="com.example.funeclone_nhom8.Views.Activitys.SigninActivity"
76-->src\main\AndroidManifest.xml:60:13-59
77            android:exported="true" />
77-->src\main\AndroidManifest.xml:61:13-36
78        <activity
78-->src\main\AndroidManifest.xml:62:9-65:58
79            android:name="com.example.funeclone_nhom8.Views.Activitys.HomeActivity"
79-->src\main\AndroidManifest.xml:63:13-57
80            android:exported="true"
80-->src\main\AndroidManifest.xml:64:13-36
81            android:windowSoftInputMode="adjustResize" />
81-->src\main\AndroidManifest.xml:65:13-55
82        <activity
82-->src\main\AndroidManifest.xml:66:9-68:39
83            android:name="com.example.funeclone_nhom8.Views.Activitys.EditProfileActivity"
83-->src\main\AndroidManifest.xml:67:13-64
84            android:exported="true" />
84-->src\main\AndroidManifest.xml:68:13-36
85        <activity
85-->src\main\AndroidManifest.xml:69:9-71:40
86            android:name="com.example.funeclone_nhom8.Views.Activitys.ProfileActivity"
86-->src\main\AndroidManifest.xml:70:13-60
87            android:exported="false" />
87-->src\main\AndroidManifest.xml:71:13-37
88        <activity
88-->src\main\AndroidManifest.xml:72:9-80:20
89            android:name="com.example.funeclone_nhom8.Views.Activitys.MainActivity"
89-->src\main\AndroidManifest.xml:73:13-57
90            android:exported="true" >
90-->src\main\AndroidManifest.xml:74:13-36
91            <intent-filter>
91-->src\main\AndroidManifest.xml:75:13-79:29
92                <action android:name="android.intent.action.MAIN" />
92-->src\main\AndroidManifest.xml:76:17-69
92-->src\main\AndroidManifest.xml:76:25-66
93
94                <category android:name="android.intent.category.LAUNCHER" />
94-->src\main\AndroidManifest.xml:78:17-77
94-->src\main\AndroidManifest.xml:78:27-74
95            </intent-filter>
96        </activity>
97
98        <provider
98-->[androidx.emoji2:emoji2:1.2.0] AndroidManifest.xml:24:9-32:20
99            android:name="androidx.startup.InitializationProvider"
99-->[androidx.emoji2:emoji2:1.2.0] AndroidManifest.xml:25:13-67
100            android:authorities="com.example.funeclone_nhom8.androidx-startup"
100-->[androidx.emoji2:emoji2:1.2.0] AndroidManifest.xml:26:13-68
101            android:exported="false" >
101-->[androidx.emoji2:emoji2:1.2.0] AndroidManifest.xml:27:13-37
102            <meta-data
102-->[androidx.emoji2:emoji2:1.2.0] AndroidManifest.xml:29:13-31:52
103                android:name="androidx.emoji2.text.EmojiCompatInitializer"
103-->[androidx.emoji2:emoji2:1.2.0] AndroidManifest.xml:30:17-75
104                android:value="androidx.startup" />
104-->[androidx.emoji2:emoji2:1.2.0] AndroidManifest.xml:31:17-49
105            <meta-data
105-->[androidx.lifecycle:lifecycle-process:2.4.1] AndroidManifest.xml:31:13-33:52
106                android:name="androidx.lifecycle.ProcessLifecycleInitializer"
106-->[androidx.lifecycle:lifecycle-process:2.4.1] AndroidManifest.xml:32:17-78
107                android:value="androidx.startup" />
107-->[androidx.lifecycle:lifecycle-process:2.4.1] AndroidManifest.xml:33:17-49
108        </provider>
109    </application>
110
111</manifest>